#
# There is insufficient memory for the Java Runtime Environment to continue.
# Native memory allocation (mmap) failed to map 532676608 bytes. Error detail: G1 virtual space
# Possible reasons:
#   The system is out of physical RAM or swap space
#   This process is running with CompressedOops enabled, and the Java Heap may be blocking the growth of the native heap
# Possible solutions:
#   Reduce memory load on the system
#   Increase physical memory or swap space
#   Check if swap backing store is full
#   Decrease Java heap size (-Xmx/-Xms)
#   Decrease number of Java threads
#   Decrease Java thread stack sizes (-Xss)
#   Set larger code cache with -XX:ReservedCodeCacheSize=
#   JVM is running with Zero Based Compressed Oops mode in which the Java heap is
#     placed in the first 32GB address space. The Java Heap base address is the
#     maximum limit for the native heap growth. Please use -XX:HeapBaseMinAddress
#     to set the Java Heap base and to place the Java Heap above 32GB virtual address.
# This output file may be truncated or incomplete.
#
#  Out of Memory Error (os_windows.cpp:3713), pid=12416, tid=17376
#
# JRE version:  (21.0.9+10) (build )
# Java VM: OpenJDK 64-Bit Server VM (21.0.9+10-LTS, mixed mode, emulated-client, sharing, tiered, compressed oops, compressed class ptrs, g1 gc, windows-amd64)
# No core dump will be written. Minidumps are not enabled by default on client versions of Windows
#

---------------  S U M M A R Y ------------

Command Line: --enable-native-access=ALL-UNNAMED -XX:TieredStopAtLevel=1 -Dspring.profiles.active=local -Dspring.output.ansi.enabled=always -Dcom.sun.management.jmxremote -Dspring.jmx.enabled=true -Dspring.liveBeansView.mbeanDomain -Dspring.application.admin.enabled=true -Dmanagement.endpoints.jmx.exposure.include=* -javaagent:D:\JetBrains\apps\IntelliJ IDEA Ultimate\lib\idea_rt.jar=51203 -Dfile.encoding=UTF-8 -Dsun.stdout.encoding=UTF-8 -Dsun.stderr.encoding=UTF-8 id.segari.ortools.SegariOrtoolServiceApplication

Host: Intel(R) Core(TM) i9-14900HX, 32 cores, 31G,  Windows 11 , 64 bit Build 26100 (10.0.26100.7623)
Time: Wed Jan 21 13:33:41 2026 SE Asia Standard Time elapsed time: 0.030121 seconds (0d 0h 0m 0s)

---------------  T H R E A D  ---------------

Current thread (0x000001812cd708b0):  JavaThread "Unknown thread" [_thread_in_vm, id=17376, stack(0x0000007d95c00000,0x0000007d95d00000) (1024K)]

Stack: [0x0000007d95c00000,0x0000007d95d00000]
Native frames: (J=compiled Java code, j=interpreted, Vv=VM code, C=native code)
V  [jvm.dll+0x6d6e29]
V  [jvm.dll+0x8b4b76]
V  [jvm.dll+0x8b712e]
V  [jvm.dll+0x8b7813]
V  [jvm.dll+0x283d86]
V  [jvm.dll+0x6d3745]
V  [jvm.dll+0x6c747a]
V  [jvm.dll+0x35e7e8]
V  [jvm.dll+0x366426]
V  [jvm.dll+0x3b73fe]
V  [jvm.dll+0x3b76a8]
V  [jvm.dll+0x3329ec]
V  [jvm.dll+0x33353b]
V  [jvm.dll+0x87deeb]
V  [jvm.dll+0x3c4381]
V  [jvm.dll+0x867135]
V  [jvm.dll+0x457391]
V  [jvm.dll+0x458f81]
C  [jli.dll+0x52d0]
C  [ucrtbase.dll+0x37b0]
C  [KERNEL32.DLL+0x2e8d7]
C  [ntdll.dll+0x8c53c]


---------------  P R O C E S S  ---------------

Threads class SMR info:
_java_thread_list=0x00007ffcabe291c8, length=0, elements={
}

Java Threads: ( => current thread )
Total: 0

Other Threads:
  0x00000181435d0940 WorkerThread "GC Thread#0"                     [id=6032, stack(0x0000007d95d00000,0x0000007d95e00000) (1024K)]
  0x000001812cdee500 ConcurrentGCThread "G1 Main Marker"            [id=13236, stack(0x0000007d95e00000,0x0000007d95f00000) (1024K)]
  0x000001812cdf0ed0 WorkerThread "G1 Conc#0"                       [id=26024, stack(0x0000007d95f00000,0x0000007d96000000) (1024K)]

[error occurred during error reporting (printing all threads), id 0xc0000005, EXCEPTION_ACCESS_VIOLATION (0xc0000005) at pc=0x00007ffcab5250d7]
VM state: not at safepoint (not fully initialized)

VM Mutex/Monitor currently owned by a thread:  ([mutex/lock_event])
[0x00007ffcabe9d670] Heap_lock - owner thread: 0x000001812cd708b0

Heap address: 0x0000000604400000, size: 8124 MB, Compressed Oops mode: Zero based, Oop shift amount: 3

CDS archive(s) mapped at: [0x0000000000000000-0x0000000000000000-0x0000000000000000), size 0, SharedBaseAddress: 0x0000000800000000, ArchiveRelocationMode: 1.
Narrow klass base: 0x0000000000000000, Narrow klass shift: 0, Narrow klass range: 0x0

GC Precious Log:
 CardTable entry size: 512
 Card Set container configuration: InlinePtr #cards 4 size 8 Array Of Cards #cards 32 size 80 Howl #buckets 8 coarsen threshold 7372 Howl Bitmap #cards 1024 size 144 coarsen threshold 921 Card regions per heap region 1 cards per card region 8192

Heap:
 garbage-first heap   total 0K, used 0K [0x0000000604400000, 0x0000000800000000)
  region size 4096K, 0 young (0K), 0 survivors (0K)

[error occurred during error reporting (printing heap information), id 0xc0000005, EXCEPTION_ACCESS_VIOLATION (0xc0000005) at pc=0x00007ffcab9107a9]
GC Heap History (0 events):
No events

Dll operation events (1 events):
Event: 0.003 Loaded shared library D:\Java\temurin-21\bin\java.dll

Deoptimization events (0 events):
No events

Classes loaded (0 events):
No events

Classes unloaded (0 events):
No events

Classes redefined (0 events):
No events

Internal exceptions (0 events):
No events

ZGC Phase Switch (0 events):
No events

VM Operations (0 events):
No events

Memory protections (0 events):
No events

Nmethod flushes (0 events):
No events

Events (0 events):
No events


Dynamic libraries:
0x00007ff649560000 - 0x00007ff64956e000 	D:\Java\temurin-21\bin\java.exe
0x00007ffd95ec0000 - 0x00007ffd96127000 	C:\Windows\SYSTEM32\ntdll.dll
0x00007ffd94890000 - 0x00007ffd94959000 	C:\Windows\System32\KERNEL32.DLL
0x00007ffd93220000 - 0x00007ffd9360f000 	C:\Windows\System32\KERNELBASE.dll
0x00007ffd93010000 - 0x00007ffd9315b000 	C:\Windows\System32\ucrtbase.dll
0x00007ffd73040000 - 0x00007ffd7305e000 	D:\Java\temurin-21\bin\VCRUNTIME140.dll
0x00007ffd73020000 - 0x00007ffd73038000 	D:\Java\temurin-21\bin\jli.dll
0x00007ffd95cb0000 - 0x00007ffd95e75000 	C:\Windows\System32\USER32.dll
0x00007ffd735f0000 - 0x00007ffd73883000 	C:\Windows\WinSxS\amd64_microsoft.windows.common-controls_6595b64144ccf1df_6.0.26100.7309_none_3e05feeae336a044\COMCTL32.dll
0x00007ffd937a0000 - 0x00007ffd937c7000 	C:\Windows\System32\win32u.dll
0x00007ffd95b30000 - 0x00007ffd95bd9000 	C:\Windows\System32\msvcrt.dll
0x00007ffd93fe0000 - 0x00007ffd9400b000 	C:\Windows\System32\GDI32.dll
0x00007ffd93880000 - 0x00007ffd939ac000 	C:\Windows\System32\gdi32full.dll
0x00007ffd937d0000 - 0x00007ffd93873000 	C:\Windows\System32\msvcp_win.dll
0x00007ffd93c60000 - 0x00007ffd93c91000 	C:\Windows\System32\IMM32.DLL
0x00007ffd73010000 - 0x00007ffd7301c000 	D:\Java\temurin-21\bin\vcruntime140_1.dll
0x00007ffd72f80000 - 0x00007ffd7300d000 	D:\Java\temurin-21\bin\msvcp140.dll
0x00007ffcab1e0000 - 0x00007ffcabf80000 	D:\Java\temurin-21\bin\server\jvm.dll
0x00007ffd95be0000 - 0x00007ffd95c94000 	C:\Windows\System32\ADVAPI32.dll
0x00007ffd94b10000 - 0x00007ffd94bb6000 	C:\Windows\System32\sechost.dll
0x00007ffd93ec0000 - 0x00007ffd93fd8000 	C:\Windows\System32\RPCRT4.dll
0x00007ffd95810000 - 0x00007ffd95884000 	C:\Windows\System32\WS2_32.dll
0x00007ffd92e70000 - 0x00007ffd92ece000 	C:\Windows\SYSTEM32\POWRPROF.dll
0x00007ffd86e40000 - 0x00007ffd86e4b000 	C:\Windows\SYSTEM32\VERSION.dll
0x00007ffd8bbd0000 - 0x00007ffd8bc05000 	C:\Windows\SYSTEM32\WINMM.dll
0x00007ffd92e50000 - 0x00007ffd92e64000 	C:\Windows\SYSTEM32\UMPDC.dll
0x00007ffd91d90000 - 0x00007ffd91dab000 	C:\Windows\SYSTEM32\kernel.appcore.dll
0x00007ffd72f70000 - 0x00007ffd72f7a000 	D:\Java\temurin-21\bin\jimage.dll
0x00007ffd905b0000 - 0x00007ffd907f2000 	C:\Windows\SYSTEM32\DBGHELP.DLL
0x00007ffd95410000 - 0x00007ffd95796000 	C:\Windows\System32\combase.dll
0x00007ffd94bd0000 - 0x00007ffd94ca6000 	C:\Windows\System32\OLEAUT32.dll
0x00007ffd8f940000 - 0x00007ffd8f97c000 	C:\Windows\SYSTEM32\dbgcore.DLL
0x00007ffd939b0000 - 0x00007ffd93a55000 	C:\Windows\System32\bcryptPrimitives.dll
0x00007ffd72f60000 - 0x00007ffd72f6f000 	D:\Java\temurin-21\bin\instrument.dll
0x00007ffd72f40000 - 0x00007ffd72f60000 	D:\Java\temurin-21\bin\java.dll

JVMTI agents:
D:\JetBrains\apps\IntelliJ IDEA Ultimate\lib\idea_rt.jar path:none, loaded, not initialized, instrumentlib options:51203

dbghelp: loaded successfully - version: 4.0.5 - missing functions: none
symbol engine: initialized successfully - sym options: 0x614 - pdb path: .;D:\Java\temurin-21\bin;C:\Windows\SYSTEM32;C:\Windows\WinSxS\amd64_microsoft.windows.common-controls_6595b64144ccf1df_6.0.26100.7309_none_3e05feeae336a044;D:\Java\temurin-21\bin\server

VM Arguments:
jvm_args: --enable-native-access=ALL-UNNAMED -XX:TieredStopAtLevel=1 -Dspring.profiles.active=local -Dspring.output.ansi.enabled=always -Dcom.sun.management.jmxremote -Dspring.jmx.enabled=true -Dspring.liveBeansView.mbeanDomain -Dspring.application.admin.enabled=true -Dmanagement.endpoints.jmx.exposure.include=* -javaagent:D:\JetBrains\apps\IntelliJ IDEA Ultimate\lib\idea_rt.jar=51203 -Dfile.encoding=UTF-8 -Dsun.stdout.encoding=UTF-8 -Dsun.stderr.encoding=UTF-8 
java_command: id.segari.ortools.SegariOrtoolServiceApplication
java_class_path (initial): D:\code\be\segari-ortools-service\target\classes;C:\Users\user\.m2\repository\org\springframework\boot\spring-boot-starter-validation\3.5.6\spring-boot-starter-validation-3.5.6.jar;C:\Users\user\.m2\repository\org\springframework\boot\spring-boot-starter\3.5.6\spring-boot-starter-3.5.6.jar;C:\Users\user\.m2\repository\org\springframework\boot\spring-boot\3.5.6\spring-boot-3.5.6.jar;C:\Users\user\.m2\repository\org\springframework\boot\spring-boot-autoconfigure\3.5.6\spring-boot-autoconfigure-3.5.6.jar;C:\Users\user\.m2\repository\org\springframework\boot\spring-boot-starter-logging\3.5.6\spring-boot-starter-logging-3.5.6.jar;C:\Users\user\.m2\repository\ch\qos\logback\logback-classic\1.5.18\logback-classic-1.5.18.jar;C:\Users\user\.m2\repository\ch\qos\logback\logback-core\1.5.18\logback-core-1.5.18.jar;C:\Users\user\.m2\repository\org\apache\logging\log4j\log4j-to-slf4j\2.24.3\log4j-to-slf4j-2.24.3.jar;C:\Users\user\.m2\repository\org\apache\logging\log4j\log4j-api\2.24.3\log4j-api-2.24.3.jar;C:\Users\user\.m2\repository\org\slf4j\jul-to-slf4j\2.0.17\jul-to-slf4j-2.0.17.jar;C:\Users\user\.m2\repository\jakarta\annotation\jakarta.annotation-api\2.1.1\jakarta.annotation-api-2.1.1.jar;C:\Users\user\.m2\repository\org\yaml\snakeyaml\2.4\snakeyaml-2.4.jar;C:\Users\user\.m2\repository\org\apache\tomcat\embed\tomcat-embed-el\10.1.46\tomcat-embed-el-10.1.46.jar;C:\Users\user\.m2\repository\org\hibernate\validator\hibernate-validator\8.0.3.Final\hibernate-validator-8.0.3.Final.jar;C:\Users\user\.m2\repository\jakarta\validation\jakarta.validation-api\3.0.2\jakarta.validation-api-3.0.2.jar;C:\Users\user\.m2\repository\org\jboss\logging\jboss-logging\3.6.1.Final\jboss-logging-3.6.1.Final.jar;C:\Users\user\.m2\repository\com\fasterxml\classmate\1.7.0\classmate-1.7.0.jar;C:\Users\user\.m2\repository\org\springframework\boot\spring-boot-starter-web\3.5.6\spring-boot-starter-web-3.5.6.jar;C:\Users\user\.m2\repository\org\springframework\boot\spring-boot-starter-json\3.5.6\spring-boot-starter-json-3.5.6.jar;C:\Users\user\.m2\repository\com\fasterxml\jackson\core\jackson-databind\2.19.2\jackson-databind-2.19.2.jar;C:\Users\user\.m2\repository\com\fasterxml\jackson\core\jackson-annotations\2.19.2\jackson-annotations-2.19.2.jar;C:\Users\user\.m2\repository\com\fasterxml\jackson\core\jackson-core\2.19.2\jackson-core-2.19.2.jar;C:\Users\user\.m2\repository\com\fasterxml\jackson\datatype\jackson-datatype-jdk8\2.19.2\jackson-datatype-jdk8-2.19.2.jar;C:\Users\user\.m2\repository\com\fasterxml\jackson\datatype\jackson-datatype-jsr310\2.19.2\jackson-datatype-jsr310-2.19.2.jar;C:\Users\user\.m2\repository\com\fasterxml\jackson\module\jackson-module-parameter-names\2.19.2\jackson-module-parameter-names-2.19.2.jar;C:\Users\user\.m2\repository\org\springframework\boot\spring-boot-starter-tomcat\3.5.6\spring-boot-starter-tomcat-3.5.6.jar;C:\Users\user\.m2\repository\org\apache\tomcat\embed\tomcat-embed-core\10.1.46\tomcat-embed-core-10.1.46.jar;C:\Users\user\.m2\repository\org\apache\tomcat\embed\tomcat-embed-websocket\10.1.46\tomcat-embed-websocket-10.1.46.jar;C:\Users\user\.m2\repository\org\springframework\spring-web\6.2.11\spring-web-6.2.11.jar;C:\Users\user\.m2\repository\org\springframework\spring-beans\6.2.11\spring-beans-6.2.11.jar;C:\Users\user\.m2\repository\io\micrometer\micrometer-observation\1.15.4\micrometer-observation-1.15.4.jar;C:\Users\user\.m2\repository\io\micrometer\micrometer-commons\1.15.4\micrometer-commons-1.15.4.jar;C:\Users\user\.m2\repository\org\springframework\spring-webmvc\6.2.11\spring-webmvc-6.2.11.jar;C:\Users\user\.m2\repository\org\springframework\spring-aop\6.2.11\spring-aop-6.2.11.jar;C:\Users\user\.m2\repository\org\springframework\spring-context\6.2.11\spring-context-6.2.11.jar;C:\Users\user\.m2\repository\org\springframework\spring-expression\6.2.11\spring-expression-6.2.11.jar;C:\Users\user\.m2\repository\org\slf4j\slf4j-api\2.0.17\slf4j-api-2.0.17.jar;C:\Users\user\.m2\repository\org\springframework\spring-core\6.2.11\spring-core-6.2.11.jar;C:\Users\user\.m2\repository\org\springframework\spring-jcl\6.2.11\spring-jcl-6.2.11.jar;C:\Users\user\.m2\repository\com\google\ortools\ortools-java\9.14.6206\ortools-java-9.14.6206.jar;C:\Users\user\.m2\repository\com\google\ortools\ortools-linux-x86-64\9.14.6206\ortools-linux-x86-64-9.14.6206.jar;C:\Users\user\.m2\repository\com\google\ortools\ortools-darwin-x86-64\9.14.6206\ortools-darwin-x86-64-9.14.6206.jar;C:\Users\user\.m2\repository\com\google\ortools\ortools-win32-x86-64\9.14.6206\ortools-win32-x86-64-9.14.6206.jar;C:\Users\user\.m2\repository\com\google\ortools\ortools-linux-aarch64\9.14.6206\ortools-linux-aarch64-9.14.6206.jar;C:\Users\user\.m2\repository\com\google\ortools\ortools-darwin-aarch64\9.14.6206\ortools-darwin-aarch64-9.14.6206.jar;C:\Users\user\.m2\repository\net\java\dev\jna\jna-platform\5.14.0\jna-platform-5.14.0.jar;C:\Users\user\.m2\repository\net\java\dev\jna\jna\5.14.0\jna-5.14.0.jar;C:\Users\user\.m2\repository\com\google\protobuf\protobuf-java\4.31.1\protobuf-java-4.31.1.jar
Launcher Type: SUN_STANDARD

[Global flags]
     intx CICompilerCount                          = 15                                        {product} {ergonomic}
     uint ConcGCThreads                            = 6                                         {product} {ergonomic}
     uint G1ConcRefinementThreads                  = 23                                        {product} {ergonomic}
   size_t G1HeapRegionSize                         = 4194304                                   {product} {ergonomic}
    uintx GCDrainStackTargetSize                   = 64                                        {product} {ergonomic}
   size_t InitialHeapSize                          = 532676608                                 {product} {ergonomic}
     bool ManagementServer                         = true                                      {product} {command line}
   size_t MarkStackSize                            = 4194304                                   {product} {ergonomic}
   size_t MaxHeapSize                              = 8518631424                                {product} {ergonomic}
   size_t MinHeapDeltaBytes                        = 4194304                                   {product} {ergonomic}
   size_t MinHeapSize                              = 8388608                                   {product} {ergonomic}
    uintx NonNMethodCodeHeapSize                   = 4096                                   {pd product} {ergonomic}
    uintx NonProfiledCodeHeapSize                  = 0                                      {pd product} {ergonomic}
     bool ProfileInterpreter                       = false                                  {pd product} {command line}
    uintx ProfiledCodeHeapSize                     = 0                                      {pd product} {ergonomic}
   size_t SoftMaxHeapSize                          = 8518631424                             {manageable} {ergonomic}
     intx TieredStopAtLevel                        = 1                                         {product} {command line}
     bool UseCompressedOops                        = true                           {product lp64_product} {ergonomic}
     bool UseG1GC                                  = true                                      {product} {ergonomic}
     bool UseLargePagesIndividualAllocation        = false                                  {pd product} {ergonomic}

Logging:
Log output configuration:
 #0: stdout all=warning uptime,level,tags foldmultilines=false
 #1: stderr all=off uptime,level,tags foldmultilines=false

Release file:
<release file has not been read>
Environment Variables:
JAVA_HOME=D:\Java\temurin-21
PATH=C:\Python314\Scripts\;C:\Python314\;C:\Windows\system32;C:\Windows;C:\Windows\System32\Wbem;C:\Windows\System32\WindowsPowerShell\v1.0\;C:\Windows\System32\OpenSSH\;C:\Program Files\NVIDIA Corporation\NVIDIA app\NvDLISR;C:\Program Files\Git\cmd;C:\Program Files\WiX Toolset v6.0\bin\;C:\Program Files\RedHat\Podman\;C:\Program Files\dotnet\;C:\Program Files\PowerShell\7\;C:\ProgramData\chocolatey\bin;C:\Users\user\AppData\Local\Microsoft\WindowsApps;C:\Program Files\JetBrains\DataGrip 2025.2.4\bin;C:\Program Files\JetBrains\IntelliJ IDEA 2025.2.3\bin;C:\Program Files\JetBrains\WebStorm 2025.2.3\bin;C:\Users\user\AppData\Local\Microsoft\WinGet\Packages\Schniz.fnm_Microsoft.Winget.Source_8wekyb3d8bbwe;C:\Users\user\AppData\Local\JetBrains\Toolbox\scripts;;D:\Fvm;C:\Users\user\.local\bin;C:\Users\user\.local\bin;C:\Users\user\.local\bin;D:\Java\temurin-21\bin
USERNAME=user
OS=Windows_NT
PROCESSOR_IDENTIFIER=Intel64 Family 6 Model 183 Stepping 1, GenuineIntel
TMP=C:\Users\user\AppData\Local\Temp
TEMP=C:\Users\user\AppData\Local\Temp




Periodic native trim disabled

---------------  S Y S T E M  ---------------

OS:
 Windows 11 , 64 bit Build 26100 (10.0.26100.7623)
OS uptime: 3 days 14:29 hours
Hyper-V role detected

CPU: total 32 (initial active 32) (16 cores per cpu, 2 threads per core) family 6 model 183 stepping 1 microcode 0x123, cx8, cmov, fxsr, ht, mmx, 3dnowpref, sse, sse2, sse3, ssse3, sse4.1, sse4.2, popcnt, lzcnt, tsc, tscinvbit, avx, avx2, aes, erms, clmul, bmi1, bmi2, adx, sha, fma, vzeroupper, clflush, clflushopt, clwb, hv, serialize, rdtscp, rdpid, fsrm, f16c, cet_ibt, cet_ss
Processor Information for the first 32 processors :
  Max Mhz: 2200, Current Mhz: 2200, Mhz Limit: 2200

Memory: 4k page, system-wide physical 32491M (12903M free)
TotalPageFile size 38955M (AvailPageFile size 282M)
current process WorkingSet (physical memory assigned to process): 13M, peak: 13M
current process commit charge ("private bytes"): 87M, peak: 595M

vm_info: OpenJDK 64-Bit Server VM (21.0.9+10-LTS) for windows-amd64 JRE (21.0.9+10-LTS), built on 2025-10-21T00:00:00Z by "admin" with unknown MS VC++:1942

END.
